unit BASETIER;

interface
uses
Aligrid,
  Windows, Messages, SysUtils, Variants, Classes, Graphics, Controls, Forms,
  Dialogs, StdCtrls, ExtCtrls, Menus, ComCtrls,Provider,DBClient,
  ADODb,dbTables,math,strUtils,DB,db_tier,basetier;

type
  uLst = ^TLst;
  TLst = record
    eObj     : string;
end;

type

TDad = class(TDOBject)
  private
    FdDS: TDataSource;
    Fqry: Tobject;
    procedure SetdDS(const Value: TDataSource);
    procedure Setqry(const Value: Tobject);

 protected
   DBD          : TDB;
   TipoQuery    : TClass;
   dSql         : string;
   dTabela      : string;
   DBdad        : TClass;


 published
   property dDS : TDataSource read FdDS write SetdDS;
   property qry : Tobject  read Fqry write Setqry;

 public
   constructor create(sender : Tclass);
end;

{INICIO CLASSES}


{FIM CLASSES}


implementation


{INICIO METODOS}

{FIM METODOS}

{INICIO SET VALUES}

procedure TDad.SetdDS(const Value: TDataSource);
begin
  FdDS := Value;
end;

procedure TDad.Setqry(const Value: Tobject);
begin
  Fqry := Value;
end;


{FIM SET VALUES}    


end.
