/*C5*/SET SCHEMA PUBLIC
CONNECT USER SA
/*C6*/SET SCHEMA PUBLIC
CONNECT USER SA
SET AUTOCOMMIT FALSE
INSERT INTO CLIENTE VALUES('TESTE','07010838836','2018-03-15','marcelo8ms@yahoo.com.br','11982071678','L','MARCELO',1,'TOPSEED','17511611')
COMMIT
SET AUTOCOMMIT TRUE
SET AUTOCOMMIT FALSE
INSERT INTO LICENCA VALUES('1','TESTE',NULL,NULL,0,20,0,NULL,NULL)
COMMIT
SET AUTOCOMMIT TRUE
/*C7*/SET SCHEMA PUBLIC
CONNECT USER SA
/*C8*/SET SCHEMA PUBLIC
CONNECT USER SA
SET AUTOCOMMIT FALSE
SET AUTOCOMMIT TRUE
SET AUTOCOMMIT FALSE
DELETE FROM LICENCA WHERE NOMESERVIDOR='1' AND NUMEROCONTRATO='TESTE'
INSERT INTO LICENCA VALUES('1','TESTE',NULL,NULL,0,20,50,NULL,NULL)
COMMIT
SET AUTOCOMMIT TRUE
/*C9*/SET SCHEMA PUBLIC
CONNECT USER SA
